<?xml version="1.0" encoding="UTF-8"?>
<!-- Generated by org.testng.reporters.JUnitReportReporter -->
<testsuite hostname="markjop-VAIO" name="testClass" tests="3" failures="0" timestamp="29 Jul 2015 18:34:34 GMT" time="2.837" errors="0">
  <testcase name="testCaseSP001" time="1.283" classname="testClass"/>
  <testcase name="testCaseSP002" time="1.554" classname="testClass"/>
  <testcase name="testCaseSP003" time="0.000" classname="testClass"/>
</testsuite> <!-- testClass -->
