<?xml version="1.0" encoding="UTF-8"?>
<!-- Generated by org.testng.reporters.JUnitReportReporter -->
<testsuite hostname="markjop-VAIO" name="com.test.Automation_247.testSuite" tests="6" failures="0" timestamp="1 Aug 2015 21:24:24 GMT" time="94.520" errors="0">
  <testcase name="testCaseSP003" time="31.928" classname="com.test.Automation_247.testSuite"/>
  <testcase name="testCaseSP004" time="20.284" classname="com.test.Automation_247.testSuite"/>
  <testcase name="testCaseSP002" time="8.388" classname="com.test.Automation_247.testSuite"/>
  <testcase name="testCaseSP006" time="16.903" classname="com.test.Automation_247.testSuite"/>
  <testcase name="testCaseSP005" time="10.954" classname="com.test.Automation_247.testSuite"/>
  <testcase name="testCaseSP001" time="6.063" classname="com.test.Automation_247.testSuite"/>
</testsuite> <!-- com.test.Automation_247.testSuite -->
