<?xml version="1.0" encoding="UTF-8"?>
<!-- Generated by org.testng.reporters.JUnitReportReporter -->
<testsuite hostname="markjop-VAIO" name="com.test.Automation_247.testSuite" tests="6" failures="0" timestamp="3 Aug 2015 03:21:05 GMT" time="148.083" errors="0">
  <testcase name="testCaseSP003" time="21.340" classname="com.test.Automation_247.testSuite"/>
  <testcase name="testCaseSP004" time="39.998" classname="com.test.Automation_247.testSuite"/>
  <testcase name="testCaseSP002" time="18.197" classname="com.test.Automation_247.testSuite"/>
  <testcase name="testCaseSP006" time="33.756" classname="com.test.Automation_247.testSuite"/>
  <testcase name="testCaseSP005" time="23.011" classname="com.test.Automation_247.testSuite"/>
  <testcase name="testCaseSP001" time="11.781" classname="com.test.Automation_247.testSuite"/>
</testsuite> <!-- com.test.Automation_247.testSuite -->
