<?xml version="1.0" encoding="UTF-8"?>
<!-- Generated by org.testng.reporters.JUnitReportReporter -->
<testsuite hostname="markjop-VAIO" name="testSuite" tests="6" failures="0" timestamp="1 Aug 2015 20:53:11 GMT" time="74.840" errors="0">
  <testcase name="testCaseSP003" time="11.440" classname="testSuite"/>
  <testcase name="testCaseSP004" time="17.257" classname="testSuite"/>
  <testcase name="testCaseSP005" time="12.505" classname="testSuite"/>
  <testcase name="testCaseSP002" time="11.253" classname="testSuite"/>
  <testcase name="testCaseSP006" time="16.164" classname="testSuite"/>
  <testcase name="testCaseSP001" time="6.221" classname="testSuite"/>
</testsuite> <!-- testSuite -->
